This is pdfTeX, Version 3.14159265-2.6-1.40.17 (TeX Live 2016) (preloaded format=pdflatex 2016.10.20)  9 DEC 2016 20:44
entering extended mode
 restricted \write18 enabled.
 %&-line parsing enabled.
**DESIGN_DOCUMENT.tex
(./DESIGN_DOCUMENT.tex
LaTeX2e <2016/03/31>
Babel <3.9r> and hyphenation patterns for 22 language(s) loaded.
(/usr/local/texlive/2016basic/texmf-dist/tex/latex/base/article.cls
Document Class: article 2014/09/29 v1.4h Standard LaTeX document class
(/usr/local/texlive/2016basic/texmf-dist/tex/latex/base/size12.clo
File: size12.clo 2014/09/29 v1.4h Standard LaTeX file (size option)
)
\c@part=\count79
\c@section=\count80
\c@subsection=\count81
\c@subsubsection=\count82
\c@paragraph=\count83
\c@subparagraph=\count84
\c@figure=\count85
\c@table=\count86
\abovecaptionskip=\skip41
\belowcaptionskip=\skip42
\bibindent=\dimen102
)
(/usr/local/texlive/2016basic/texmf-dist/tex/latex/graphics/graphicx.sty
Package: graphicx 2014/10/28 v1.0g Enhanced LaTeX Graphics (DPC,SPQR)

(/usr/local/texlive/2016basic/texmf-dist/tex/latex/graphics/keyval.sty
Package: keyval 2014/10/28 v1.15 key=value parser (DPC)
\KV@toks@=\toks14
)
(/usr/local/texlive/2016basic/texmf-dist/tex/latex/graphics/graphics.sty
Package: graphics 2016/05/09 v1.0r Standard LaTeX Graphics (DPC,SPQR)

(/usr/local/texlive/2016basic/texmf-dist/tex/latex/graphics/trig.sty
Package: trig 2016/01/03 v1.10 sin cos tan (DPC)
)
(/usr/local/texlive/2016basic/texmf-dist/tex/latex/graphics-cfg/graphics.cfg
File: graphics.cfg 2016/01/02 v1.10 sample graphics configuration
)
Package graphics Info: Driver file: pdftex.def on input line 96.

(/usr/local/texlive/2016basic/texmf-dist/tex/latex/pdftex-def/pdftex.def
File: pdftex.def 2011/05/27 v0.06d Graphics/color for pdfTeX

(/usr/local/texlive/2016basic/texmf-dist/tex/generic/oberdiek/infwarerr.sty
Package: infwarerr 2016/05/16 v1.4 Providing info/warning/error messages (HO)
)
(/usr/local/texlive/2016basic/texmf-dist/tex/generic/oberdiek/ltxcmds.sty
Package: ltxcmds 2016/05/16 v1.23 LaTeX kernel commands for general use (HO)
)
\Gread@gobject=\count87
))
\Gin@req@height=\dimen103
\Gin@req@width=\dimen104
)
(/usr/local/texlive/2016basic/texmf-dist/tex/latex/float/float.sty
Package: float 2001/11/08 v1.3d Float enhancements (AL)
\c@float@type=\count88
\float@exts=\toks15
\float@box=\box26
\@float@everytoks=\toks16
\@floatcapt=\box27
)
(/usr/local/texlive/2016basic/texmf-dist/tex/latex/hyperref/hyperref.sty
Package: hyperref 2016/05/05 v6.83n Hypertext links for LaTeX

(/usr/local/texlive/2016basic/texmf-dist/tex/generic/oberdiek/hobsub-hyperref.s
ty
Package: hobsub-hyperref 2016/05/16 v1.14 Bundle oberdiek, subset hyperref (HO)


(/usr/local/texlive/2016basic/texmf-dist/tex/generic/oberdiek/hobsub-generic.st
y
Package: hobsub-generic 2016/05/16 v1.14 Bundle oberdiek, subset generic (HO)
Package: hobsub 2016/05/16 v1.14 Construct package bundles (HO)
Package hobsub Info: Skipping package `infwarerr' (already loaded).
Package hobsub Info: Skipping package `ltxcmds' (already loaded).
Package: ifluatex 2016/05/16 v1.4 Provides the ifluatex switch (HO)
Package ifluatex Info: LuaTeX not detected.
Package: ifvtex 2016/05/16 v1.6 Detect VTeX and its facilities (HO)
Package ifvtex Info: VTeX not detected.
Package: intcalc 2016/05/16 v1.2 Expandable calculations with integers (HO)
Package: ifpdf 2016/05/14 v3.1 Provides the ifpdf switch
Package: etexcmds 2016/05/16 v1.6 Avoid name clashes with e-TeX commands (HO)
Package etexcmds Info: Could not find \expanded.
(etexcmds)             That can mean that you are not using pdfTeX 1.50 or
(etexcmds)             that some package has redefined \expanded.
(etexcmds)             In the latter case, load this package earlier.
Package: kvsetkeys 2016/05/16 v1.17 Key value parser (HO)
Package: kvdefinekeys 2016/05/16 v1.4 Define keys (HO)
Package: pdftexcmds 2016/05/10 v0.21 Utility functions of pdfTeX for LuaTeX (HO
)
Package pdftexcmds Info: LuaTeX not detected.
Package pdftexcmds Info: \pdf@primitive is available.
Package pdftexcmds Info: \pdf@ifprimitive is available.
Package pdftexcmds Info: \pdfdraftmode found.
Package: pdfescape 2016/05/16 v1.14 Implements pdfTeX's escape features (HO)
Package: bigintcalc 2016/05/16 v1.4 Expandable calculations on big integers (HO
)
Package: bitset 2016/05/16 v1.2 Handle bit-vector datatype (HO)
Package: uniquecounter 2016/05/16 v1.3 Provide unlimited unique counter (HO)
)
Package hobsub Info: Skipping package `hobsub' (already loaded).
Package: letltxmacro 2016/05/16 v1.5 Let assignment for LaTeX macros (HO)
Package: hopatch 2016/05/16 v1.3 Wrapper for package hooks (HO)
Package: xcolor-patch 2016/05/16 xcolor patch
Package: atveryend 2016/05/16 v1.9 Hooks at the very end of document (HO)
Package atveryend Info: \enddocument detected (standard20110627).
Package: atbegshi 2016/05/16 v1.17 At begin shipout hook (HO)
Package: refcount 2016/05/16 v3.5 Data extraction from label references (HO)
Package: hycolor 2016/05/16 v1.8 Color options for hyperref/bookmark (HO)
) (/usr/local/texlive/2016basic/texmf-dist/tex/generic/ifxetex/ifxetex.sty
Package: ifxetex 2010/09/12 v0.6 Provides ifxetex conditional
)
(/usr/local/texlive/2016basic/texmf-dist/tex/latex/oberdiek/auxhook.sty
Package: auxhook 2016/05/16 v1.4 Hooks for auxiliary files (HO)
)
(/usr/local/texlive/2016basic/texmf-dist/tex/latex/oberdiek/kvoptions.sty
Package: kvoptions 2016/05/16 v3.12 Key value format for package options (HO)
)
\@linkdim=\dimen105
\Hy@linkcounter=\count89
\Hy@pagecounter=\count90

(/usr/local/texlive/2016basic/texmf-dist/tex/latex/hyperref/pd1enc.def
File: pd1enc.def 2016/05/05 v6.83n Hyperref: PDFDocEncoding definition (HO)
)
\Hy@SavedSpaceFactor=\count91

(/usr/local/texlive/2016basic/texmf-dist/tex/latex/latexconfig/hyperref.cfg
File: hyperref.cfg 2002/06/06 v1.2 hyperref configuration of TeXLive
)
Package hyperref Info: Hyper figures OFF on input line 4446.
Package hyperref Info: Link nesting OFF on input line 4451.
Package hyperref Info: Hyper index ON on input line 4454.
Package hyperref Info: Plain pages OFF on input line 4461.
Package hyperref Info: Backreferencing OFF on input line 4466.
Package hyperref Info: Implicit mode ON; LaTeX internals redefined.
Package hyperref Info: Bookmarks ON on input line 4691.
\c@Hy@tempcnt=\count92

(/usr/local/texlive/2016basic/texmf-dist/tex/latex/url/url.sty
\Urlmuskip=\muskip10
Package: url 2013/09/16  ver 3.4  Verb mode for urls, etc.
)
LaTeX Info: Redefining \url on input line 5044.
\XeTeXLinkMargin=\dimen106
\Fld@menulength=\count93
\Field@Width=\dimen107
\Fld@charsize=\dimen108
Package hyperref Info: Hyper figures OFF on input line 6298.
Package hyperref Info: Link nesting OFF on input line 6303.
Package hyperref Info: Hyper index ON on input line 6306.
Package hyperref Info: backreferencing OFF on input line 6313.
Package hyperref Info: Link coloring OFF on input line 6318.
Package hyperref Info: Link coloring with OCG OFF on input line 6323.
Package hyperref Info: PDF/A mode OFF on input line 6328.
LaTeX Info: Redefining \ref on input line 6368.
LaTeX Info: Redefining \pageref on input line 6372.
\Hy@abspage=\count94
\c@Item=\count95
\c@Hfootnote=\count96
)

Package hyperref Message: Driver (autodetected): hpdftex.

(/usr/local/texlive/2016basic/texmf-dist/tex/latex/hyperref/hpdftex.def
File: hpdftex.def 2016/05/05 v6.83n Hyperref driver for pdfTeX
\Fld@listcount=\count97
\c@bookmark@seq@number=\count98

(/usr/local/texlive/2016basic/texmf-dist/tex/latex/oberdiek/rerunfilecheck.sty
Package: rerunfilecheck 2016/05/16 v1.8 Rerun checks for auxiliary files (HO)
Package uniquecounter Info: New unique counter `rerunfilecheck' on input line 2
82.
)
\Hy@SectionHShift=\skip43
) (/usr/local/texlive/2016basic/texmf-dist/tex/latex/tools/array.sty
Package: array 2014/10/28 v2.4c Tabular extension package (FMi)
\col@sep=\dimen109
\extrarowheight=\dimen110
\NC@list=\toks17
\extratabsurround=\skip44
\backup@length=\skip45
)
(/usr/local/texlive/2016basic/texmf-dist/tex/latex/base/textcomp.sty
Package: textcomp 2005/09/27 v1.99g Standard LaTeX package
Package textcomp Info: Sub-encoding information:
(textcomp)               5 = only ISO-Adobe without \textcurrency
(textcomp)               4 = 5 + \texteuro
(textcomp)               3 = 4 + \textohm
(textcomp)               2 = 3 + \textestimated + \textcurrency
(textcomp)               1 = TS1 - \textcircled - \t
(textcomp)               0 = TS1 (full)
(textcomp)             Font families with sub-encoding setting implement
(textcomp)             only a restricted character set as indicated.
(textcomp)             Family '?' is the default used for unknown fonts.
(textcomp)             See the documentation for details.
Package textcomp Info: Setting ? sub-encoding to TS1/1 on input line 79.

(/usr/local/texlive/2016basic/texmf-dist/tex/latex/base/ts1enc.def
File: ts1enc.def 2001/06/05 v3.0e (jk/car/fm) Standard LaTeX file
)
LaTeX Info: Redefining \oldstylenums on input line 334.
Package textcomp Info: Setting cmr sub-encoding to TS1/0 on input line 349.
Package textcomp Info: Setting cmss sub-encoding to TS1/0 on input line 350.
Package textcomp Info: Setting cmtt sub-encoding to TS1/0 on input line 351.
Package textcomp Info: Setting cmvtt sub-encoding to TS1/0 on input line 352.
Package textcomp Info: Setting cmbr sub-encoding to TS1/0 on input line 353.
Package textcomp Info: Setting cmtl sub-encoding to TS1/0 on input line 354.
Package textcomp Info: Setting ccr sub-encoding to TS1/0 on input line 355.
Package textcomp Info: Setting ptm sub-encoding to TS1/4 on input line 356.
Package textcomp Info: Setting pcr sub-encoding to TS1/4 on input line 357.
Package textcomp Info: Setting phv sub-encoding to TS1/4 on input line 358.
Package textcomp Info: Setting ppl sub-encoding to TS1/3 on input line 359.
Package textcomp Info: Setting pag sub-encoding to TS1/4 on input line 360.
Package textcomp Info: Setting pbk sub-encoding to TS1/4 on input line 361.
Package textcomp Info: Setting pnc sub-encoding to TS1/4 on input line 362.
Package textcomp Info: Setting pzc sub-encoding to TS1/4 on input line 363.
Package textcomp Info: Setting bch sub-encoding to TS1/4 on input line 364.
Package textcomp Info: Setting put sub-encoding to TS1/5 on input line 365.
Package textcomp Info: Setting uag sub-encoding to TS1/5 on input line 366.
Package textcomp Info: Setting ugq sub-encoding to TS1/5 on input line 367.
Package textcomp Info: Setting ul8 sub-encoding to TS1/4 on input line 368.
Package textcomp Info: Setting ul9 sub-encoding to TS1/4 on input line 369.
Package textcomp Info: Setting augie sub-encoding to TS1/5 on input line 370.
Package textcomp Info: Setting dayrom sub-encoding to TS1/3 on input line 371.
Package textcomp Info: Setting dayroms sub-encoding to TS1/3 on input line 372.

Package textcomp Info: Setting pxr sub-encoding to TS1/0 on input line 373.
Package textcomp Info: Setting pxss sub-encoding to TS1/0 on input line 374.
Package textcomp Info: Setting pxtt sub-encoding to TS1/0 on input line 375.
Package textcomp Info: Setting txr sub-encoding to TS1/0 on input line 376.
Package textcomp Info: Setting txss sub-encoding to TS1/0 on input line 377.
Package textcomp Info: Setting txtt sub-encoding to TS1/0 on input line 378.
Package textcomp Info: Setting lmr sub-encoding to TS1/0 on input line 379.
Package textcomp Info: Setting lmdh sub-encoding to TS1/0 on input line 380.
Package textcomp Info: Setting lmss sub-encoding to TS1/0 on input line 381.
Package textcomp Info: Setting lmssq sub-encoding to TS1/0 on input line 382.
Package textcomp Info: Setting lmvtt sub-encoding to TS1/0 on input line 383.
Package textcomp Info: Setting lmtt sub-encoding to TS1/0 on input line 384.
Package textcomp Info: Setting qhv sub-encoding to TS1/0 on input line 385.
Package textcomp Info: Setting qag sub-encoding to TS1/0 on input line 386.
Package textcomp Info: Setting qbk sub-encoding to TS1/0 on input line 387.
Package textcomp Info: Setting qcr sub-encoding to TS1/0 on input line 388.
Package textcomp Info: Setting qcs sub-encoding to TS1/0 on input line 389.
Package textcomp Info: Setting qpl sub-encoding to TS1/0 on input line 390.
Package textcomp Info: Setting qtm sub-encoding to TS1/0 on input line 391.
Package textcomp Info: Setting qzc sub-encoding to TS1/0 on input line 392.
Package textcomp Info: Setting qhvc sub-encoding to TS1/0 on input line 393.
Package textcomp Info: Setting futs sub-encoding to TS1/4 on input line 394.
Package textcomp Info: Setting futx sub-encoding to TS1/4 on input line 395.
Package textcomp Info: Setting futj sub-encoding to TS1/4 on input line 396.
Package textcomp Info: Setting hlh sub-encoding to TS1/3 on input line 397.
Package textcomp Info: Setting hls sub-encoding to TS1/3 on input line 398.
Package textcomp Info: Setting hlst sub-encoding to TS1/3 on input line 399.
Package textcomp Info: Setting hlct sub-encoding to TS1/5 on input line 400.
Package textcomp Info: Setting hlx sub-encoding to TS1/5 on input line 401.
Package textcomp Info: Setting hlce sub-encoding to TS1/5 on input line 402.
Package textcomp Info: Setting hlcn sub-encoding to TS1/5 on input line 403.
Package textcomp Info: Setting hlcw sub-encoding to TS1/5 on input line 404.
Package textcomp Info: Setting hlcf sub-encoding to TS1/5 on input line 405.
Package textcomp Info: Setting pplx sub-encoding to TS1/3 on input line 406.
Package textcomp Info: Setting pplj sub-encoding to TS1/3 on input line 407.
Package textcomp Info: Setting ptmx sub-encoding to TS1/4 on input line 408.
Package textcomp Info: Setting ptmj sub-encoding to TS1/4 on input line 409.
)
Package hyperref Info: Option `colorlinks' set `true' on input line 13.

(./DESIGN_DOCUMENT.aux (./Introduction.aux) (./Architectural_design.aux)
(./Algorithm_design.aux) (./User_interface_design.aux)
(./Requirements_traceability.aux) (./Effort_spent.aux) (./References.aux))
\openout1 = `DESIGN_DOCUMENT.aux'.

LaTeX Font Info:    Checking defaults for OML/cmm/m/it on input line 28.
LaTeX Font Info:    ... okay on input line 28.
LaTeX Font Info:    Checking defaults for T1/cmr/m/n on input line 28.
LaTeX Font Info:    ... okay on input line 28.
LaTeX Font Info:    Checking defaults for OT1/cmr/m/n on input line 28.
LaTeX Font Info:    ... okay on input line 28.
LaTeX Font Info:    Checking defaults for OMS/cmsy/m/n on input line 28.
LaTeX Font Info:    ... okay on input line 28.
LaTeX Font Info:    Checking defaults for OMX/cmex/m/n on input line 28.
LaTeX Font Info:    ... okay on input line 28.
LaTeX Font Info:    Checking defaults for U/cmr/m/n on input line 28.
LaTeX Font Info:    ... okay on input line 28.
LaTeX Font Info:    Checking defaults for PD1/pdf/m/n on input line 28.
LaTeX Font Info:    ... okay on input line 28.
LaTeX Font Info:    Checking defaults for TS1/cmr/m/n on input line 28.
LaTeX Font Info:    Try loading font information for TS1+cmr on input line 28.

(/usr/local/texlive/2016basic/texmf-dist/tex/latex/base/ts1cmr.fd
File: ts1cmr.fd 2014/09/29 v2.5h Standard LaTeX font definitions
)
LaTeX Font Info:    ... okay on input line 28.

(/usr/local/texlive/2016basic/texmf-dist/tex/context/base/mkii/supp-pdf.mkii
[Loading MPS to PDF converter (version 2006.09.02).]
\scratchcounter=\count99
\scratchdimen=\dimen111
\scratchbox=\box28
\nofMPsegments=\count100
\nofMParguments=\count101
\everyMPshowfont=\toks18
\MPscratchCnt=\count102
\MPscratchDim=\dimen112
\MPnumerator=\count103
\makeMPintoPDFobject=\count104
\everyMPtoPDFconversion=\toks19
) (/usr/local/texlive/2016basic/texmf-dist/tex/latex/oberdiek/epstopdf-base.sty
Package: epstopdf-base 2016/05/15 v2.6 Base part for package epstopdf
(/usr/local/texlive/2016basic/texmf-dist/tex/latex/oberdiek/grfext.sty
Package: grfext 2016/05/16 v1.2 Manage graphics extensions (HO)
)
Package grfext Info: Graphics extension search list:
(grfext)             [.png,.pdf,.jpg,.mps,.jpeg,.jbig2,.jb2,.PNG,.PDF,.JPG,.JPE
G,.JBIG2,.JB2,.eps]
(grfext)             \AppendGraphicsExtensions on input line 456.

(/usr/local/texlive/2016basic/texmf-dist/tex/latex/latexconfig/epstopdf-sys.cfg
File: epstopdf-sys.cfg 2010/07/13 v1.3 Configuration of (r)epstopdf for TeX Liv
e
))
\AtBeginShipoutBox=\box29
 (/usr/local/texlive/2016basic/texmf-dist/tex/latex/graphics/color.sty
Package: color 2016/05/09 v1.1c Standard LaTeX Color (DPC)

(/usr/local/texlive/2016basic/texmf-dist/tex/latex/graphics-cfg/color.cfg
File: color.cfg 2016/01/02 v1.6 sample color configuration
)
Package color Info: Driver file: pdftex.def on input line 144.
)
Package hyperref Info: Link coloring ON on input line 28.

(/usr/local/texlive/2016basic/texmf-dist/tex/latex/hyperref/nameref.sty
Package: nameref 2012/10/27 v2.43 Cross-referencing by name of section

(/usr/local/texlive/2016basic/texmf-dist/tex/generic/oberdiek/gettitlestring.st
y
Package: gettitlestring 2016/05/16 v1.5 Cleanup title references (HO)
)
\c@section@level=\count105
)
LaTeX Info: Redefining \ref on input line 28.
LaTeX Info: Redefining \pageref on input line 28.
LaTeX Info: Redefining \nameref on input line 28.
 (./DESIGN_DOCUMENT.out) (./DESIGN_DOCUMENT.out)
\@outlinefile=\write3
\openout3 = `DESIGN_DOCUMENT.out'.


<Images/polimi_logo.png, id=237, 301.125pt x 301.125pt>
File: Images/polimi_logo.png Graphic file (type png)

<use Images/polimi_logo.png>
Package pdftex.def Info: Images/polimi_logo.png used on input line 30.
(pdftex.def)             Requested size: 301.12425pt x 301.12425pt.
LaTeX Font Info:    External font `cmex10' loaded for size
(Font)              <14.4> on input line 30.
LaTeX Font Info:    External font `cmex10' loaded for size
(Font)              <7> on input line 30.
 (./DESIGN_DOCUMENT.toc [1

{/usr/local/texlive/2016basic/texmf-var/fonts/map/pdftex/updmap/pdftex.map} <./
Images/polimi_logo.png>]
LaTeX Font Info:    External font `cmex10' loaded for size
(Font)              <12> on input line 2.
LaTeX Font Info:    External font `cmex10' loaded for size
(Font)              <8> on input line 2.
LaTeX Font Info:    External font `cmex10' loaded for size
(Font)              <6> on input line 2.

[2])
\tf@toc=\write4
\openout4 = `DESIGN_DOCUMENT.toc'.

 [3]
\openout2 = `Introduction.aux'.

 (./Introduction.tex [4

]
Underfull \hbox (badness 1221) in paragraph at lines 33--34
[]|\OT1/cmr/m/n/12 Arrangement through which a reg-is-tered user
 []

Missing character: There is no ‚ in font cmr12!
Missing character: There is no Ä in font cmr12!
Missing character: There is no ô in font cmr12!
Missing character: There is no ‚ in font cmr12!
Missing character: There is no Ä in font cmr12!
Missing character: There is no ô in font cmr12!
Missing character: There is no ‚ in font cmr12!
Missing character: There is no Ä in font cmr12!
Missing character: There is no ù in font cmr12!
Missing character: There is no ‚ in font cmr12!
Missing character: There is no Ä in font cmr12!
Missing character: There is no ù in font cmr12!

Overfull \hbox (5.0858pt too wide) in paragraph at lines 14--44
 [] 
 []

[5]
Underfull \hbox (badness 3219) in paragraph at lines 58--59
[]|\OT1/cmr/m/n/12 Requirements Anal-y-sis and Spec-i-fi-ca-tion
 []


Overfull \hbox (5.0858pt too wide) in paragraph at lines 48--75
 [] 
 []

[6]) [7]
\openout2 = `Architectural_design.aux'.

 (./Architectural_design.tex
<Images/General_architecture.png, id=335, 625.33624pt x 577.15625pt>
File: Images/General_architecture.png Graphic file (type png)

<use Images/General_architecture.png>
Package pdftex.def Info: Images/General_architecture.png used on input line 5.
(pdftex.def)             Requested size: 390.0pt x 359.96439pt.

<Images/3TieredArchitecture.png, id=336, 813.0375pt x 259.97125pt>
File: Images/3TieredArchitecture.png Graphic file (type png)

<use Images/3TieredArchitecture.png>
Package pdftex.def Info: Images/3TieredArchitecture.png used on input line 10.
(pdftex.def)             Requested size: 390.0pt x 124.70148pt.
 [8


 <./Images/General_architecture.png>]
[9 <./Images/3TieredArchitecture.png>]
<Images/HighLevelComponent.png, id=349, 706.64pt x 455.7025pt>
File: Images/HighLevelComponent.png Graphic file (type png)

<use Images/HighLevelComponent.png>
Package pdftex.def Info: Images/HighLevelComponent.png used on input line 28.
(pdftex.def)             Requested size: 390.0pt x 251.50632pt.
 [10 <./Images/HighLevelComponent.png>]
<Images/ClientComponent.png, id=356, 636.3775pt x 418.56375pt>
File: Images/ClientComponent.png Graphic file (type png)

<use Images/ClientComponent.png>
Package pdftex.def Info: Images/ClientComponent.png used on input line 56.
(pdftex.def)             Requested size: 390.0pt x 256.51144pt.
 [11 <./Images/ClientComponent.png>]
<Images/EmployeeComponent.png, id=366, 626.34pt x 415.5525pt>
File: Images/EmployeeComponent.png Graphic file (type png)

<use Images/EmployeeComponent.png>
Package pdftex.def Info: Images/EmployeeComponent.png used on input line 70.
(pdftex.def)             Requested size: 390.0pt x 258.75586pt.
 [12 <./Images/EmployeeComponent.png>]
Overfull \hbox (3.03333pt too wide) in paragraph at lines 82--83
[]\OT1/cmr/bx/n/12 Notification man-ager\OT1/cmr/m/n/12 , that man-ages the no-
ti-fi-ca-tions the server needs
 []

<Images/RideComponent.png, id=377, 777.90625pt x 525.965pt>
File: Images/RideComponent.png Graphic file (type png)

<use Images/RideComponent.png>
Package pdftex.def Info: Images/RideComponent.png used on input line 87.
(pdftex.def)             Requested size: 390.0pt x 263.69612pt.
 [13 <./Images/RideComponent.png>]
Overfull \hbox (14.85825pt too wide) in paragraph at lines 98--99
[]\OT1/cmr/bx/n/12 Registration man-ager\OT1/cmr/m/n/12 , that adds the user's 
in-for-ma-tion to the database. 
 []

<Images/UserComponent.png, id=392, 666.49pt x 435.6275pt>
File: Images/UserComponent.png Graphic file (type png)

<use Images/UserComponent.png>
Package pdftex.def Info: Images/UserComponent.png used on input line 102.
(pdftex.def)             Requested size: 390.0pt x 254.91086pt.
 [14 <./Images/UserComponent.png>]
<Images/RegisteredUserComponent.png, id=404, 626.34pt x 415.5525pt>
File: Images/RegisteredUserComponent.png Graphic file (type png)

<use Images/RegisteredUserComponent.png>
Package pdftex.def Info: Images/RegisteredUserComponent.png used on input line 
116.
(pdftex.def)             Requested size: 390.0pt x 258.75586pt.

<Images/Class_diagram.png, id=405, 762.85pt x 1349.04pt>
File: Images/Class_diagram.png Graphic file (type png)

<use Images/Class_diagram.png>
Package pdftex.def Info: Images/Class_diagram.png used on input line 122.
(pdftex.def)             Requested size: 313.74829pt x 554.82874pt.
 [15 <./Images/RegisteredUserComponent.png>]
<Images/DeploymentView.png, id=416, 763.85374pt x 346.29375pt>
File: Images/DeploymentView.png Graphic file (type png)

<use Images/DeploymentView.png>
Package pdftex.def Info: Images/DeploymentView.png used on input line 128.
(pdftex.def)             Requested size: 390.0pt x 176.80826pt.
 [16 <./Images/Class_diagram.png>] [17 <./Images/DeploymentView.png>]
<Images/RegistrationSequence.png, id=428, 1268.74pt x 1404.24625pt>
File: Images/RegistrationSequence.png Graphic file (type png)

<use Images/RegistrationSequence.png>
Package pdftex.def Info: Images/RegistrationSequence.png used on input line 139
.
(pdftex.def)             Requested size: 398.33858pt x 440.88287pt.

Overfull \hbox (8.33858pt too wide) in paragraph at lines 139--140
 [][] 
 []

<Images/LoginSequence.png, id=429, 848.16875pt x 837.1275pt>
File: Images/LoginSequence.png Graphic file (type png)

<use Images/LoginSequence.png>
Package pdftex.def Info: Images/LoginSequence.png used on input line 144.
(pdftex.def)             Requested size: 398.33858pt x 393.15619pt.

Overfull \hbox (8.33858pt too wide) in paragraph at lines 144--145
 [][] 
 []

[18 <./Images/RegistrationSequence.png>]
<Images/ViewProfileSequence.png, id=435, 888.31876pt x 425.59pt>
File: Images/ViewProfileSequence.png Graphic file (type png)

<use Images/ViewProfileSequence.png>
Package pdftex.def Info: Images/ViewProfileSequence.png used on input line 149.

(pdftex.def)             Requested size: 390.0pt x 186.84456pt.
 [19 <./Images/LoginSequence.png>]
<Images/ManagePersonalInfoSequence.png, id=442, 987.69pt x 736.7525pt>
File: Images/ManagePersonalInfoSequence.png Graphic file (type png)

<use Images/ManagePersonalInfoSequence.png>
Package pdftex.def Info: Images/ManagePersonalInfoSequence.png used on input li
ne 154.
(pdftex.def)             Requested size: 390.0pt x 290.90724pt.

<Images/MakeReservationSequence.png, id=443, 1534.73375pt x 1707.37875pt>
File: Images/MakeReservationSequence.png Graphic file (type png)

<use Images/MakeReservationSequence.png>
Package pdftex.def Info: Images/MakeReservationSequence.png used on input line 
159.
(pdftex.def)             Requested size: 390.0pt x 433.85176pt.
 [20 <./Images/ViewProfileSequence.png> <./Images/ManagePersonalInfoSequence.pn
g>]
<Images/ReportIssueSequence.png, id=450, 1316.92pt x 1075.01625pt>
File: Images/ReportIssueSequence.png Graphic file (type png)

<use Images/ReportIssueSequence.png>
Package pdftex.def Info: Images/ReportIssueSequence.png used on input line 164.

(pdftex.def)             Requested size: 390.0pt x 318.3573pt.
 [21 <./Images/MakeReservationSequence.png>]
<Images/CancelCurrentReservationSequence.png, id=456, 1355.0625pt x 1128.215pt>
File: Images/CancelCurrentReservationSequence.png Graphic file (type png)
<use Images/CancelCurrentReservationSequence.png>
Package pdftex.def Info: Images/CancelCurrentReservationSequence.png used on in
put line 169.
(pdftex.def)             Requested size: 390.0pt x 324.7122pt.
 [22 <./Images/ReportIssueSequence.png>]
<Images/ManageCarInfoEmployeeSequence.png, id=463, 998.73125pt x 1406.25375pt>
File: Images/ManageCarInfoEmployeeSequence.png Graphic file (type png)

<use Images/ManageCarInfoEmployeeSequence.png>
Package pdftex.def Info: Images/ManageCarInfoEmployeeSequence.png used on input
 line 174.
(pdftex.def)             Requested size: 390.0pt x 549.1234pt.
 [23 <./Images/CancelCurrentReservationSequence.png>] [24 <./Images/ManageCarIn
foEmployeeSequence.png>]
Overfull \hbox (7.09981pt too wide) in paragraph at lines 181--182
[]\OT1/cmr/bx/n/12 UIAccess in-ter-face\OT1/cmr/m/n/12 , which pro-vides meth-o
ds to get user in-puts through
 []


Overfull \hbox (6.5674pt too wide) in paragraph at lines 187--188
[]\OT1/cmr/bx/n/12 Registered user man-ager in-ter-face\OT1/cmr/m/n/12 , which 
pro-vides meth-ods through
 []


Overfull \hbox (5.54897pt too wide) in paragraph at lines 193--194
[]\OT1/cmr/bx/n/12 Employee man-ager in-ter-face\OT1/cmr/m/n/12 , which pro-vid
es meth-ods through which
 []


Overfull \hbox (6.5674pt too wide) in paragraph at lines 195--196
[]\OT1/cmr/bx/n/12 Registered user man-ager in-ter-face\OT1/cmr/m/n/12 , which 
pro-vides meth-ods through
 []


Overfull \hbox (5.54897pt too wide) in paragraph at lines 201--202
[]\OT1/cmr/bx/n/12 Employee man-ager in-ter-face\OT1/cmr/m/n/12 , which pro-vid
es meth-ods through which
 []

[25]
Overfull \hbox (5.54897pt too wide) in paragraph at lines 208--209
[]\OT1/cmr/bx/n/12 Employee man-ager in-ter-face\OT1/cmr/m/n/12 , which pro-vid
es meth-ods through which
 []


Overfull \hbox (6.5674pt too wide) in paragraph at lines 210--211
[]\OT1/cmr/bx/n/12 Registered user man-ager in-ter-face\OT1/cmr/m/n/12 , which 
pro-vides meth-ods through
 []

[26] [27]) [28]
\openout2 = `Algorithm_design.aux'.

 (./Algorithm_design.tex
<Images/Constants.png, id=491, 440.64626pt x 244.915pt>
File: Images/Constants.png Graphic file (type png)

<use Images/Constants.png>
Package pdftex.def Info: Images/Constants.png used on input line 6.
(pdftex.def)             Requested size: 398.33858pt x 221.40804pt.

Overfull \hbox (8.33858pt too wide) in paragraph at lines 6--7
 [][] 
 []

<Images/User.png, id=492, 664.4825pt x 620.3175pt>
File: Images/User.png Graphic file (type png)
 <use Images/User.png>
Package pdftex.def Info: Images/User.png used on input line 11.
(pdftex.def)             Requested size: 398.33858pt x 371.86209pt.

Overfull \hbox (8.33858pt too wide) in paragraph at lines 11--12
 [][] 
 []

[29


 <./Images/Constants.png>]
<Images/RegisteredUser1.png, id=498, 637.38126pt x 604.2575pt>
File: Images/RegisteredUser1.png Graphic file (type png)

<use Images/RegisteredUser1.png>
Package pdftex.def Info: Images/RegisteredUser1.png used on input line 16.
(pdftex.def)             Requested size: 398.33858pt x 377.63235pt.

Overfull \hbox (8.33858pt too wide) in paragraph at lines 16--17
 [][] 
 []

<Images/RegisteredUser2.png, id=499, 622.325pt x 169.63374pt>
File: Images/RegisteredUser2.png Graphic file (type png)

<use Images/RegisteredUser2.png>
Package pdftex.def Info: Images/RegisteredUser2.png used on input line 20.
(pdftex.def)             Requested size: 398.33858pt x 108.58073pt.

Overfull \hbox (8.33858pt too wide) in paragraph at lines 20--21
 [][] 
 []

[30 <./Images/User.png>]
<Images/RegisteredUser3.png, id=505, 636.3775pt x 319.1925pt>
File: Images/RegisteredUser3.png Graphic file (type png)

<use Images/RegisteredUser3.png>
Package pdftex.def Info: Images/RegisteredUser3.png used on input line 24.
(pdftex.def)             Requested size: 398.33858pt x 199.79678pt.

Overfull \hbox (8.33858pt too wide) in paragraph at lines 24--25
 [][] 
 []

<Images/RegisteredUser4.png, id=506, 641.39626pt x 439.6425pt>
File: Images/RegisteredUser4.png Graphic file (type png)

<use Images/RegisteredUser4.png>
Package pdftex.def Info: Images/RegisteredUser4.png used on input line 28.
(pdftex.def)             Requested size: 398.33858pt x 273.04512pt.

Overfull \hbox (8.33858pt too wide) in paragraph at lines 28--29
 [][] 
 []

[31 <./Images/RegisteredUser1.png> <./Images/RegisteredUser2.png>]
<Images/RegisteredUser5.png, id=514, 706.64pt x 617.30624pt>
File: Images/RegisteredUser5.png Graphic file (type png)

<use Images/RegisteredUser5.png>
Package pdftex.def Info: Images/RegisteredUser5.png used on input line 32.
(pdftex.def)             Requested size: 398.33858pt x 347.97803pt.

Overfull \hbox (8.33858pt too wide) in paragraph at lines 32--33
 [][] 
 []

[32 <./Images/RegisteredUser3.png> <./Images/RegisteredUser4.png>]
<Images/Employee.png, id=521, 497.86pt x 199.74625pt>
File: Images/Employee.png Graphic file (type png)

<use Images/Employee.png>
Package pdftex.def Info: Images/Employee.png used on input line 37.
(pdftex.def)             Requested size: 398.33858pt x 159.8216pt.

Overfull \hbox (8.33858pt too wide) in paragraph at lines 37--38
 [][] 
 []

<Images/Car1.png, id=522, 660.4675pt x 349.305pt>
File: Images/Car1.png Graphic file (type png)
 <use Images/Car1.png>
Package pdftex.def Info: Images/Car1.png used on input line 42.
(pdftex.def)             Requested size: 398.33858pt x 210.67725pt.

Overfull \hbox (8.33858pt too wide) in paragraph at lines 42--43
 [][] 
 []

<Images/Car2.png, id=523, 718.685pt x 544.0325pt>
File: Images/Car2.png Graphic file (type png)
 <use Images/Car2.png>
Package pdftex.def Info: Images/Car2.png used on input line 46.
(pdftex.def)             Requested size: 398.33858pt x 301.54315pt.

Overfull \hbox (8.33858pt too wide) in paragraph at lines 46--47
 [][] 
 []

[33 <./Images/RegisteredUser5.png> <./Images/Employee.png>]
<Images/Car3.png, id=530, 636.3775pt x 63.23625pt>
File: Images/Car3.png Graphic file (type png)
 <use Images/Car3.png>
Package pdftex.def Info: Images/Car3.png used on input line 50.
(pdftex.def)             Requested size: 398.33858pt x 39.58237pt.

Overfull \hbox (8.33858pt too wide) in paragraph at lines 50--51
 [][] 
 []

<Images/Car4.png, id=531, 588.1975pt x 588.1975pt>
File: Images/Car4.png Graphic file (type png)
 <use Images/Car4.png>
Package pdftex.def Info: Images/Car4.png used on input line 54.
(pdftex.def)             Requested size: 398.33858pt x 398.33553pt.

Overfull \hbox (8.33858pt too wide) in paragraph at lines 54--55
 [][] 
 []

[34 <./Images/Car1.png> <./Images/Car2.png>]
<Images/Car5.png, id=538, 755.82375pt x 544.0325pt>
File: Images/Car5.png Graphic file (type png)
 <use Images/Car5.png>
Package pdftex.def Info: Images/Car5.png used on input line 58.
(pdftex.def)             Requested size: 398.33858pt x 286.7171pt.

Overfull \hbox (8.33858pt too wide) in paragraph at lines 58--59
 [][] 
 []

<Images/Car6.png, id=539, 727.71875pt x 347.2975pt>
File: Images/Car6.png Graphic file (type png)
 <use Images/Car6.png>
Package pdftex.def Info: Images/Car6.png used on input line 62.
(pdftex.def)             Requested size: 398.33858pt x 190.10802pt.

Overfull \hbox (8.33858pt too wide) in paragraph at lines 62--63
 [][] 
 []

[35 <./Images/Car3.png> <./Images/Car4.png>]
<Images/Screen.png, id=546, 382.42876pt x 546.04pt>
File: Images/Screen.png Graphic file (type png)
 <use Images/Screen.png>
Package pdftex.def Info: Images/Screen.png used on input line 67.
(pdftex.def)             Requested size: 378.64647pt x 540.60236pt.

[36 <./Images/Car5.png> <./Images/Car6.png>]
<Images/Reservation1.png, id=553, 760.8425pt x 318.18875pt>
File: Images/Reservation1.png Graphic file (type png)

<use Images/Reservation1.png>
Package pdftex.def Info: Images/Reservation1.png used on input line 72.
(pdftex.def)             Requested size: 398.33858pt x 166.59035pt.

Overfull \hbox (8.33858pt too wide) in paragraph at lines 72--73
 [][] 
 []

<Images/Reservation2.png, id=554, 686.565pt x 497.86pt>
File: Images/Reservation2.png Graphic file (type png)

<use Images/Reservation2.png>
Package pdftex.def Info: Images/Reservation2.png used on input line 76.
(pdftex.def)             Requested size: 398.33858pt x 288.85016pt.

Overfull \hbox (8.33858pt too wide) in paragraph at lines 76--77
 [][] 
 []

[37 <./Images/Screen.png>]
<Images/Address.png, id=561, 416.55624pt x 273.02pt>
File: Images/Address.png Graphic file (type png)
 <use Images/Address.png>
Package pdftex.def Info: Images/Address.png used on input line 81.
(pdftex.def)             Requested size: 398.33858pt x 261.09222pt.

Overfull \hbox (8.33858pt too wide) in paragraph at lines 81--82
 [][] 
 []

[38 <./Images/Reservation1.png> <./Images/Reservation2.png>]
<Images/Map.png, id=568, 507.8975pt x 410.53375pt>
File: Images/Map.png Graphic file (type png)
 <use Images/Map.png>
Package pdftex.def Info: Images/Map.png used on input line 86.
(pdftex.def)             Requested size: 398.33858pt x 321.98781pt.

Overfull \hbox (8.33858pt too wide) in paragraph at lines 86--87
 [][] 
 []

[39 <./Images/Address.png>]
<Images/SafeArea.png, id=574, 654.445pt x 395.4775pt>
File: Images/SafeArea.png Graphic file (type png)

<use Images/SafeArea.png>
Package pdftex.def Info: Images/SafeArea.png used on input line 91.
(pdftex.def)             Requested size: 398.33858pt x 240.71591pt.

Overfull \hbox (8.33858pt too wide) in paragraph at lines 91--92
 [][] 
 []

) [40 <./Images/Map.png>] [41 <./Images/SafeArea.png>]
\openout2 = `User_interface_design.aux'.


(./User_interface_design.tex
<Images/UX.png, id=586, 996.72375pt x 1334.9875pt>
File: Images/UX.png Graphic file (type png)
 <use Images/UX.png>
Package pdftex.def Info: Images/UX.png used on input line 7.
(pdftex.def)             Requested size: 414.25621pt x 554.82874pt.

Overfull \hbox (24.25621pt too wide) in paragraph at lines 7--8
 [][] 
 []

[42


] <Images/BCE.png, id=591, 1300.86pt x 1982.40625pt>
File: Images/BCE.png Graphic file (type png)
 <use Images/BCE.png>
Package pdftex.def Info: Images/BCE.png used on input line 12.
(pdftex.def)             Requested size: 364.07953pt x 554.82874pt.
)
[43 <./Images/UX.png>] [44 <./Images/BCE.png>]
\openout2 = `Requirements_traceability.aux'.

 (./Requirements_traceability.tex [45


] [46]) [47]
\openout2 = `Effort_spent.aux'.

 (./Effort_spent.tex) [48


]
\openout2 = `References.aux'.

 (./References.tex) [49


]
Package atveryend Info: Empty hook `BeforeClearDocument' on input line 38.
Package atveryend Info: Empty hook `AfterLastShipout' on input line 38.

(./DESIGN_DOCUMENT.aux (./Introduction.aux) (./Architectural_design.aux)
(./Algorithm_design.aux) (./User_interface_design.aux)
(./Requirements_traceability.aux) (./Effort_spent.aux) (./References.aux))
Package atveryend Info: Executing hook `AtVeryEndDocument' on input line 38.
Package atveryend Info: Executing hook `AtEndAfterFileList' on input line 38.
Package rerunfilecheck Info: File `DESIGN_DOCUMENT.out' has not changed.
(rerunfilecheck)             Checksum: 4F2877CF6138ED407CD2F395FC6877E5;4133.
Package atveryend Info: Empty hook `AtVeryVeryEnd' on input line 38.
 ) 
Here is how much of TeX's memory you used:
 6105 strings out of 494447
 94113 string characters out of 6166765
 168283 words of memory out of 5000000
 9169 multiletter control sequences out of 15000+600000
 9968 words of font info for 35 fonts, out of 8000000 for 9000
 319 hyphenation exceptions out of 8191
 29i,9n,30p,424b,452s stack positions out of 5000i,500n,10000p,200000b,80000s
 </Users/isabellaagosti/Library/texlive/2016basic/texmf-var/fonts/pk/ljfour/j
knappen/ec/tcrm1200.600pk></usr/local/texlive/2016basic/texmf-dist/fonts/type1/
public/amsfonts/cm/cmbx12.pfb></usr/local/texlive/2016basic/texmf-dist/fonts/ty
pe1/public/amsfonts/cm/cmr12.pfb></usr/local/texlive/2016basic/texmf-dist/fonts
/type1/public/amsfonts/cm/cmr17.pfb></usr/local/texlive/2016basic/texmf-dist/fo
nts/type1/public/amsfonts/cm/cmti12.pfb></usr/local/texlive/2016basic/texmf-dis
t/fonts/type1/public/amsfonts/cm/cmtt12.pfb>
Output written on DESIGN_DOCUMENT.pdf (49 pages, 4249527 bytes).
PDF statistics:
 688 PDF objects out of 1000 (max. 8388607)
 543 compressed objects within 6 object streams
 141 named destinations out of 1000 (max. 500000)
 670 words of extra memory for PDF output out of 10000 (max. 10000000)

