\BOOKMARK [1][-]{section.1}{INTRODUCTION}{}% 1
\BOOKMARK [2][-]{subsection.1.1}{Revision History}{section.1}% 2
\BOOKMARK [2][-]{subsection.1.2}{Purpose and Scope}{section.1}% 3
\BOOKMARK [2][-]{subsection.1.3}{Document organization}{section.1}% 4
\BOOKMARK [2][-]{subsection.1.4}{Definitions, Acronyms, Abbreviations}{section.1}% 5
\BOOKMARK [3][-]{subsubsection.1.4.1}{Definitions}{subsection.1.4}% 6
\BOOKMARK [3][-]{subsubsection.1.4.2}{Acronyms and Abbreviations}{subsection.1.4}% 7
\BOOKMARK [2][-]{subsection.1.5}{Reference Documents}{section.1}% 8
\BOOKMARK [1][-]{section.2}{PROJECT SIZE, COST AND EFFORT ESTIMATION}{}% 9
\BOOKMARK [2][-]{subsection.2.1}{Size estimation: Function Points}{section.2}% 10
\BOOKMARK [3][-]{subsubsection.2.1.1}{Internal Logic Files \(ILFs\)}{subsection.2.1}% 11
\BOOKMARK [3][-]{subsubsection.2.1.2}{External Logic Files \(ELFs\)}{subsection.2.1}% 12
\BOOKMARK [3][-]{subsubsection.2.1.3}{External Inputs \(EIs\)}{subsection.2.1}% 13
\BOOKMARK [3][-]{subsubsection.2.1.4}{External Inquiries \(EQs\)}{subsection.2.1}% 14
\BOOKMARK [3][-]{subsubsection.2.1.5}{External Outputs \(EOs\)}{subsection.2.1}% 15
\BOOKMARK [3][-]{subsubsection.2.1.6}{Overall estimation}{subsection.2.1}% 16
\BOOKMARK [2][-]{subsection.2.2}{Cost and effort estimation: COCOMO II}{section.2}% 17
\BOOKMARK [3][-]{subsubsection.2.2.1}{Scale Drivers}{subsection.2.2}% 18
\BOOKMARK [3][-]{subsubsection.2.2.2}{Cost Drivers}{subsection.2.2}% 19
\BOOKMARK [3][-]{subsubsection.2.2.3}{Effort equation}{subsection.2.2}% 20
\BOOKMARK [3][-]{subsubsection.2.2.4}{Schedule estimation}{subsection.2.2}% 21
\BOOKMARK [1][-]{section.3}{SCHEDULE}{}% 22
\BOOKMARK [1][-]{section.4}{RESOURCE ALLOCATION}{}% 23
\BOOKMARK [1][-]{section.5}{RISK MANAGEMENT}{}% 24
\BOOKMARK [2][-]{subsection.5.1}{Economical Risks}{section.5}% 25
\BOOKMARK [2][-]{subsection.5.2}{Project Risks}{section.5}% 26
\BOOKMARK [2][-]{subsection.5.3}{Technical Risks}{section.5}% 27
\BOOKMARK [1][-]{section.6}{EFFORT SPENT}{}% 28
\BOOKMARK [2][-]{subsection.6.1}{Agosti Isabella}{section.6}% 29
\BOOKMARK [2][-]{subsection.6.2}{Cattivelli Carolina}{section.6}% 30
